Arguments: 
  /usr/local/Cellar/node/11.6.0/bin/node /usr/local/Cellar/yarn/1.12.3/libexec/bin/yarn.js add remarkable-bootstrap-notify

PATH: 
  /usr/local/bin:/usr/bin:/bin:/usr/sbin:/sbin:/opt/X11/bin:/Library/Java/JavaVirtualMachines/jdk1.8.0_201.jdk/Contents/Home/bin

Yarn version: 
  1.12.3

Node version: 
  11.6.0

Platform: 
  darwin x64

Trace: 
  Error: https://registry.yarnpkg.com/remarkable-bootstrap-notify: Not found
      at Request.params.callback [as _callback] (/usr/local/Cellar/yarn/1.12.3/libexec/lib/cli.js:65894:18)
      at Request.self.callback (/usr/local/Cellar/yarn/1.12.3/libexec/lib/cli.js:129018:22)
      at Request.emit (events.js:188:13)
      at Request.<anonymous> (/usr/local/Cellar/yarn/1.12.3/libexec/lib/cli.js:129990:10)
      at Request.emit (events.js:188:13)
      at IncomingMessage.<anonymous> (/usr/local/Cellar/yarn/1.12.3/libexec/lib/cli.js:129912:12)
      at Object.onceWrapper (events.js:276:13)
      at IncomingMessage.emit (events.js:193:15)
      at endReadableNT (_stream_readable.js:1129:12)
      at process.internalTickCallback (internal/process/next_tick.js:72:19)

npm manifest: 
  {
    "dependencies": {
      "axios": "^0.18.0",
      "bootstrap": "3.4.0",
      "bootstrap-select": "^1.13.5",
      "bootstrap-tagsinput": "^0.7.1",
      "datatables.net-bs": "^1.10.19",
      "datatables.net-dt": "^1.10.19",
      "datatables.net-jqui": "^1.10.19",
      "jquery": "^3.3.1",
      "react": "^16.7.0",
      "react-dom": "^16.7.0",
      "react-jsonschema-form": "^1.2.0"
    },
    "devDependencies": {
      "@fortawesome/fontawesome-free": "^5.6.3"
    }
  }

yarn manifest: 
  No manifest

Lockfile: 
  # THIS IS AN AUTOGENERATED FILE. DO NOT EDIT THIS FILE DIRECTLY.
  # yarn lockfile v1
  
  
  "@fortawesome/fontawesome-free@^5.6.3":
    version "5.6.3"
    resolved "https://registry.yarnpkg.com/@fortawesome/fontawesome-free/-/fontawesome-free-5.6.3.tgz#61c122c420d7a91613f393d6a06e5a4c6ae6abf3"
    integrity sha512-s5PLdI9NYgjBvfrv6rhirPHlAHWx+Sfo/IjsAeiXYfmemC/GSjwsyz1wLnGPazbLPXWfk62ks980o9AmsxYUEQ==
  
  ajv@^5.2.3:
    version "5.5.2"
    resolved "https://registry.yarnpkg.com/ajv/-/ajv-5.5.2.tgz#73b5eeca3fab653e3d3f9422b341ad42205dc965"
    integrity sha1-c7Xuyj+rZT49P5Qis0GtQiBdyWU=
    dependencies:
      co "^4.6.0"
      fast-deep-equal "^1.0.0"
      fast-json-stable-stringify "^2.0.0"
      json-schema-traverse "^0.3.0"
  
  axios@^0.18.0:
    version "0.18.0"
    resolved "https://registry.yarnpkg.com/axios/-/axios-0.18.0.tgz#32d53e4851efdc0a11993b6cd000789d70c05102"
    integrity sha1-MtU+SFHv3AoRmTts0AB4nXDAUQI=
    dependencies:
      follow-redirects "^1.3.0"
      is-buffer "^1.1.5"
  
  babel-runtime@^6.26.0:
    version "6.26.0"
    resolved "https://registry.yarnpkg.com/babel-runtime/-/babel-runtime-6.26.0.tgz#965c7058668e82b55d7bfe04ff2337bc8b5647fe"
    integrity sha1-llxwWGaOgrVde/4E/yM3vItWR/4=
    dependencies:
      core-js "^2.4.0"
      regenerator-runtime "^0.11.0"
  
  bootstrap-select@^1.13.5:
    version "1.13.5"
    resolved "https://registry.yarnpkg.com/bootstrap-select/-/bootstrap-select-1.13.5.tgz#12f000b25a95ed642fe371ae9e311d3afbb8c53f"
    integrity sha512-1uYsYLB4FvGdwM6qzIfTxp6sP5gDqjPgWNHJztBfYUTIo1GUYG5zzmMVWiJvdxJlsvBXZ9AObmeZdzi0eg2jaA==
  
  bootstrap-tagsinput@^0.7.1:
    version "0.7.1"
    resolved "https://registry.yarnpkg.com/bootstrap-tagsinput/-/bootstrap-tagsinput-0.7.1.tgz#ffe3b06bbe2a106945ef2814568005a94f211937"
    integrity sha1-/+Owa74qEGlF7ygUVoAFqU8hGTc=
  
  bootstrap@3.4.0:
    version "3.4.0"
    resolved "https://registry.yarnpkg.com/bootstrap/-/bootstrap-3.4.0.tgz#f8d77540dd3062283d2ae7687e21c1e691961640"
    integrity sha512-F1yTDO9OHKH0xjl03DsOe8Nu1OWBIeAugGMhy3UTIYDdbbIPesQIhCEbj+HEr6wqlwweGAlP8F3OBC6kEuhFuw==
  
  co@^4.6.0:
    version "4.6.0"
    resolved "https://registry.yarnpkg.com/co/-/co-4.6.0.tgz#6ea6bdf3d853ae54ccb8e47bfa0bf3f9031fb184"
    integrity sha1-bqa989hTrlTMuOR7+gvz+QMfsYQ=
  
  core-js@^2.4.0, core-js@^2.5.7:
    version "2.6.2"
    resolved "https://registry.yarnpkg.com/core-js/-/core-js-2.6.2.tgz#267988d7268323b349e20b4588211655f0e83944"
    integrity sha512-NdBPF/RVwPW6jr0NCILuyN9RiqLo2b1mddWHkUL+VnvcB7dzlnBJ1bXYntjpTGOgkZiiLWj2JxmOr7eGE3qK6g==
  
  datatables.net-bs@^1.10.19:
    version "1.10.19"
    resolved "https://registry.yarnpkg.com/datatables.net-bs/-/datatables.net-bs-1.10.19.tgz#08763b4e4d0cef1a427d019dc15e717c7ed67a4d"
    integrity sha512-5gxoI2n+duZP06+4xVC2TtH6zcY369/TRKTZ1DdSgDcDUl4OYQsrXCuaLJmbVzna/5Y5lrMmK7CxgvYgIynICA==
    dependencies:
      datatables.net "1.10.19"
      jquery ">=1.7"
  
  datatables.net-dt@^1.10.19:
    version "1.10.19"
    resolved "https://registry.yarnpkg.com/datatables.net-dt/-/datatables.net-dt-1.10.19.tgz#fc668e4942ac6e331be2707975d0f33e01afb60f"
    integrity sha512-joFHYjLYvr9VnC9Fx3e+8jtXnQ/fP/mPFWt9p0NhZ3Zm5N0jlYyWhJQbnLkihOLuDcDFMaGdBQSvmIdTVdgGyw==
    dependencies:
      datatables.net "1.10.19"
      jquery ">=1.7"
  
  datatables.net-jqui@^1.10.19:
    version "1.10.19"
    resolved "https://registry.yarnpkg.com/datatables.net-jqui/-/datatables.net-jqui-1.10.19.tgz#1bd44ea6d338850913806ddf80d0eac54bcb167f"
    integrity sha512-mqmHHT64XWk8e1svSmLPpdXgwlr2lz8bFdQ20wOj0itGiTo+4WC3bf35YLOoA8cKTtQ1IbWxObxcPhyrKrfcgw==
    dependencies:
      datatables.net "1.10.19"
      jquery ">=1.7"
  
  datatables.net@1.10.19:
    version "1.10.19"
    resolved "https://registry.yarnpkg.com/datatables.net/-/datatables.net-1.10.19.tgz#97a1ed41c85e62d61040603481b59790a172dd1f"
    integrity sha512-+ljXcI6Pj3PTGy5pesp3E5Dr3x3AV45EZe0o1r0gKENN2gafBKXodVnk2ypKwl2tTmivjxbkiqoWnipTefyBTA==
    dependencies:
      jquery ">=1.7"
  
  debug@=3.1.0:
    version "3.1.0"
    resolved "https://registry.yarnpkg.com/debug/-/debug-3.1.0.tgz#5bb5a0672628b64149566ba16819e61518c67261"
    integrity sha512-OX8XqP7/1a9cqkxYw2yXss15f26NKWBpDXQd0/uK/KPqdQhxbPa994hnzjcE2VqQpDslf55723cKPUOGSmMY3g==
    dependencies:
      ms "2.0.0"
  
  fast-deep-equal@^1.0.0:
    version "1.1.0"
    resolved "https://registry.yarnpkg.com/fast-deep-equal/-/fast-deep-equal-1.1.0.tgz#c053477817c86b51daa853c81e059b733d023614"
    integrity sha1-wFNHeBfIa1HaqFPIHgWbcz0CNhQ=
  
  fast-json-stable-stringify@^2.0.0:
    version "2.0.0"
    resolved "https://registry.yarnpkg.com/fast-json-stable-stringify/-/fast-json-stable-stringify-2.0.0.tgz#d5142c0caee6b1189f87d3a76111064f86c8bbf2"
    integrity sha1-1RQsDK7msRifh9OnYREGT4bIu/I=
  
  follow-redirects@^1.3.0:
    version "1.6.1"
    resolved "https://registry.yarnpkg.com/follow-redirects/-/follow-redirects-1.6.1.tgz#514973c44b5757368bad8bddfe52f81f015c94cb"
    integrity sha512-t2JCjbzxQpWvbhts3l6SH1DKzSrx8a+SsaVf4h6bG4kOXUuPYS/kg2Lr4gQSb7eemaHqJkOThF1BGyjlUkO1GQ==
    dependencies:
      debug "=3.1.0"
  
  is-buffer@^1.1.5:
    version "1.1.6"
    resolved "https://registry.yarnpkg.com/is-buffer/-/is-buffer-1.1.6.tgz#efaa2ea9daa0d7ab2ea13a97b2b8ad51fefbe8be"
    integrity sha512-NcdALwpXkTm5Zvvbk7owOUSvVvBKDgKP5/ewfXEznmQFfs4ZRmanOeKBTjRVjka3QFoN6XJ+9F3USqfHqTaU5w==
  
  jquery@>=1.7, jquery@^3.3.1:
    version "3.3.1"
    resolved "https://registry.yarnpkg.com/jquery/-/jquery-3.3.1.tgz#958ce29e81c9790f31be7792df5d4d95fc57fbca"
    integrity sha512-Ubldcmxp5np52/ENotGxlLe6aGMvmF4R8S6tZjsP6Knsaxd/xp3Zrh50cG93lR6nPXyUFwzN3ZSOQI0wRJNdGg==
  
  "js-tokens@^3.0.0 || ^4.0.0":
    version "4.0.0"
    resolved "https://registry.yarnpkg.com/js-tokens/-/js-tokens-4.0.0.tgz#19203fb59991df98e3a287050d4647cdeaf32499"
    integrity sha512-RdJUflcE3cUzKiMqQgsCu06FPu9UdIJO0beYbPhHN4k6apgJtifcoCtT9bcxOpYBtpD2kCM6Sbzg4CausW/PKQ==
  
  json-schema-traverse@^0.3.0:
    version "0.3.1"
    resolved "https://registry.yarnpkg.com/json-schema-traverse/-/json-schema-traverse-0.3.1.tgz#349a6d44c53a51de89b40805c5d5e59b417d3340"
    integrity sha1-NJptRMU6Ud6JtAgFxdXlm0F9M0A=
  
  lodash.topath@^4.5.2:
    version "4.5.2"
    resolved "https://registry.yarnpkg.com/lodash.topath/-/lodash.topath-4.5.2.tgz#3616351f3bba61994a0931989660bd03254fd009"
    integrity sha1-NhY1Hzu6YZlKCTGYlmC9AyVP0Ak=
  
  loose-envify@^1.1.0, loose-envify@^1.3.1:
    version "1.4.0"
    resolved "https://registry.yarnpkg.com/loose-envify/-/loose-envify-1.4.0.tgz#71ee51fa7be4caec1a63839f7e682d8132d30caf"
    integrity sha512-lyuxPGr/Wfhrlem2CL/UcnUc1zcqKAImBDzukY7Y5F/yQiNdko6+fRLevlw1HgMySw7f611UIY408EtxRSoK3Q==
    dependencies:
      js-tokens "^3.0.0 || ^4.0.0"
  
  ms@2.0.0:
    version "2.0.0"
    resolved "https://registry.yarnpkg.com/ms/-/ms-2.0.0.tgz#5608aeadfc00be6c2901df5f9861788de0d597c8"
    integrity sha1-VgiurfwAvmwpAd9fmGF4jeDVl8g=
  
  object-assign@^4.1.1:
    version "4.1.1"
    resolved "https://registry.yarnpkg.com/object-assign/-/object-assign-4.1.1.tgz#2109adc7965887cfc05cbbd442cac8bfbb360863"
    integrity sha1-IQmtx5ZYh8/AXLvUQsrIv7s2CGM=
  
  prop-types@^15.5.8, prop-types@^15.6.2:
    version "15.6.2"
    resolved "https://registry.yarnpkg.com/prop-types/-/prop-types-15.6.2.tgz#05d5ca77b4453e985d60fc7ff8c859094a497102"
    integrity sha512-3pboPvLiWD7dkI3qf3KbUe6hKFKa52w+AE0VCqECtf+QHAKgOL37tTaNCnuX1nAAQ4ZhyP+kYVKf8rLmJ/feDQ==
    dependencies:
      loose-envify "^1.3.1"
      object-assign "^4.1.1"
  
  react-dom@^16.7.0:
    version "16.7.0"
    resolved "https://registry.yarnpkg.com/react-dom/-/react-dom-16.7.0.tgz#a17b2a7ca89ee7390bc1ed5eb81783c7461748b8"
    integrity sha512-D0Ufv1ExCAmF38P2Uh1lwpminZFRXEINJe53zRAbm4KPwSyd6DY/uDoS0Blj9jvPpn1+wivKpZYc8aAAN/nAkg==
    dependencies:
      loose-envify "^1.1.0"
      object-assign "^4.1.1"
      prop-types "^15.6.2"
      scheduler "^0.12.0"
  
  react-jsonschema-form@^1.2.0:
    version "1.2.0"
    resolved "https://registry.yarnpkg.com/react-jsonschema-form/-/react-jsonschema-form-1.2.0.tgz#29bb83cc798840f90c576f75e3fc55e29b0a6df9"
    integrity sha512-rR77qoFiQ5TxDYwsJz8UWmDner4jQ4xMnDqeV6Nvg7GtoEyOUoTVkI/SBMEzfXuF/piWZXYjquP96Hy/2L7C+Q==
    dependencies:
      ajv "^5.2.3"
      babel-runtime "^6.26.0"
      core-js "^2.5.7"
      lodash.topath "^4.5.2"
      prop-types "^15.5.8"
  
  react@^16.7.0:
    version "16.7.0"
    resolved "https://registry.yarnpkg.com/react/-/react-16.7.0.tgz#b674ec396b0a5715873b350446f7ea0802ab6381"
    integrity sha512-StCz3QY8lxTb5cl2HJxjwLFOXPIFQp+p+hxQfc8WE0QiLfCtIlKj8/+5tjjKm8uSTlAW+fCPaavGFS06V9Ar3A==
    dependencies:
      loose-envify "^1.1.0"
      object-assign "^4.1.1"
      prop-types "^15.6.2"
      scheduler "^0.12.0"
  
  regenerator-runtime@^0.11.0:
    version "0.11.1"
    resolved "https://registry.yarnpkg.com/regenerator-runtime/-/regenerator-runtime-0.11.1.tgz#be05ad7f9bf7d22e056f9726cee5017fbf19e2e9"
    integrity sha512-MguG95oij0fC3QV3URf4V2SDYGJhJnJGqvIIgdECeODCT98wSWDAJ94SSuVpYQUoTcGUIL6L4yNB7j1DFFHSBg==
  
  scheduler@^0.12.0:
    version "0.12.0"
    resolved "https://registry.yarnpkg.com/scheduler/-/scheduler-0.12.0.tgz#8ab17699939c0aedc5a196a657743c496538647b"
    integrity sha512-t7MBR28Akcp4Jm+QoR63XgAi9YgCUmgvDHqf5otgAj4QvdoBE4ImCX0ffehefePPG+aitiYHp0g/mW6s4Tp+dw==
    dependencies:
      loose-envify "^1.1.0"
      object-assign "^4.1.1"
